commit a5856abe9e844d0a6ed00f5cdfd5a4f86fc0cbbb
Author: Ross Shwarts <grsshwarts@gmail.com>
Date:   Mon Jul 2 19:32:06 2012 -0500

    added id/idref to program

commit 413390f2c184eca86a22da782fe4742f4a61d70c
Merge: e6e2d85 79f8ef7
Author: Jacob Wilke <jake.wilke@gmail.com>
Date:   Mon Jul 2 16:08:08 2012 -0700

    Merge pull request #81 from jwilke/master
    
    lots of fixes to import and export

commit 79f8ef7afb2e16e264c541c54ee08cea93939976
Author: Jacob Wilke <jake.wilke@gmail.com>
Date:   Mon Jul 2 18:07:29 2012 -0500

    lots of updates

commit e6e2d85c0eb53b03a80c56cad8c86bc3ab2f7fcb
Merge: 8aadf04 1b62f04
Author: grsshwarts <grsshwarts@gmail.com>
Date:   Mon Jul 2 14:45:11 2012 -0700

    Merge pull request #80 from grsshwarts/master
    
    finished and added TestExport.py to tests folder and deleted extra files

commit 1b62f04a82a2aaffe7acd260cad16f4ac642562e
Author: Ross Shwarts <grsshwarts@gmail.com>
Date:   Mon Jul 2 16:43:00 2012 -0500

    finished TestExport.py

commit 8aadf043b5de33451094474a45ee2e7da0ba34b9
Merge: 1922325 c215ec7
Author: Jacob Wilke <jake.wilke@gmail.com>
Date:   Mon Jul 2 13:22:59 2012 -0700

    Merge pull request #79 from jwilke/master
    
    removed export2

commit c215ec730b5191cad3c5f79630dae72b17c53fa4
Author: Jacob Wilke <jake.wilke@gmail.com>
Date:   Mon Jul 2 15:22:09 2012 -0500

    removed Export_2.py

commit 1922325dc3e264ed7d14b25e5a2d00b168d80c0b
Merge: 0301ec7 d2b4ea2
Author: grsshwarts <grsshwarts@gmail.com>
Date:   Mon Jul 2 13:17:02 2012 -0700

    Merge pull request #78 from grsshwarts/master
    
    Fixed Export to include subtags for location and date

commit d2b4ea27d7b082e21333434ee836233d94fd8214
Merge: 1b4c11b 0301ec7
Author: Ross Shwarts <grsshwarts@gmail.com>
Date:   Mon Jul 2 15:14:38 2012 -0500

    changed export to include sub tags for location and date

commit 0301ec7785a3e552dca811ba193f973c549a3ebc
Merge: 1d6f30e 60d44d5
Author: Jacob Wilke <jake.wilke@gmail.com>
Date:   Mon Jul 2 00:52:50 2012 -0700

    Merge pull request #68 from jwilke/master
    
    Added all files from app engine

commit 60d44d5e98f3fb32f33015052a5107320a2ce6e6
Merge: 91e9ec8 1d6f30e
Author: Jacob Wilke <jake.wilke@gmail.com>
Date:   Mon Jul 2 02:51:35 2012 -0500

    MERGEgit merge upstream mastergit merge upstream master

commit 91e9ec8652fcb26ff258b33731be660462faa0e8
Author: Jacob Wilke <jake.wilke@gmail.com>
Date:   Mon Jul 2 02:39:44 2012 -0500

    Import Export Done - validator

commit 67a34cb7fca4251dd23cf43ad7d9fc941990dda5
Author: Jacob Wilke <jake.wilke@gmail.com>
Date:   Mon Jul 2 02:33:16 2012 -0500

    import/export almost done, needs validation and redirect on import

commit 1b4c11bcdd9e932003cc123d91a679c38c2bbcd7
Author: Ross Shwarts <grsshwarts@gmail.com>
Date:   Mon Jul 2 00:57:30 2012 -0500

    added Export 2

commit 61a43bb3440bd6689ad08aedd3bda41021feb3d1
Author: Ross Shwarts <grsshwarts@gmail.com>
Date:   Mon Jul 2 00:34:15 2012 -0500

    changed Export.py

commit 1d6f30eaac5264c56c6927604e4e00dac039c763
Merge: b273222 bc3d086
Author: grsshwarts <grsshwarts@gmail.com>
Date:   Sun Jul 1 22:14:45 2012 -0700

    Merge pull request #65 from grsshwarts/master
    
    Fixed Export

commit bc3d0869f6f137499ed1dc7dd8b5c88e0c8f70d5
Author: Ross Shwarts <grsshwarts@gmail.com>
Date:   Mon Jul 2 00:13:35 2012 -0500

    Fixed Export

commit b273222aabffe24ee33ab836f0facfe8823e625e
Merge: d879087 1987c58
Author: Jacob Wilke <jake.wilke@gmail.com>
Date:   Sun Jul 1 20:55:27 2012 -0700

    Merge pull request #64 from jwilke/master
    
    export done

commit 1987c584e75bb41fd9899b285fafced0801fda80
Author: Jacob Wilke <jake.wilke@gmail.com>
Date:   Sun Jul 1 22:54:39 2012 -0500

    export done, many changes across the board

commit d87908796e22123ef2dcf47ccd8dc45fbee337ce
Merge: c2f796a dfc5bb7
Author: fnrahman <fayz.rahman@utexas.edu>
Date:   Sun Jul 1 20:43:16 2012 -0700

    Merge pull request #63 from fnrahman/master
    
    Moved Test files

commit dfc5bb719650a3057f7547eddf8b4f2e4e1ad1ee
Merge: 98e690f c2f796a
Author: Fayz Rahman <fayz.rahman@utexas.edu>
Date:   Sun Jul 1 22:42:21 2012 -0500

    Merge branch 'master' of https://github.com/Kieldro/cs373-wc

commit 98e690f7fcd7b309a7888960380f354ce1cbd8ac
Author: Fayz Rahman <fayz.rahman@utexas.edu>
Date:   Sun Jul 1 22:40:35 2012 -0500

    Moved TestImport to test file.

commit cfac6092be50cbbd45a50c498b6ce6cc5e84ba6e
Author: Fayz Rahman <fayz.rahman@utexas.edu>
Date:   Sun Jul 1 22:27:16 2012 -0500

    Removed debugging prints, enabled instance models.

commit c2f796ac3fc754b586a8543106faf982efed2151
Merge: db3e617 3d6ce2a
Author: Jacob Wilke <jake.wilke@gmail.com>
Date:   Sun Jul 1 19:46:32 2012 -0700

    Merge pull request #62 from jwilke/master
    
    splash page quickfixes

commit 3d6ce2aa81978b05037bc30bfc2d6b22c4c15202
Author: Jacob Wilke <jake.wilke@gmail.com>
Date:   Sun Jul 1 21:44:57 2012 -0500

    gaeunit test quickfix

commit a5c1e366a301e846beffaa5277d313ad9cda730c
Merge: f2028f3 db3e617
Author: Jacob Wilke <jake.wilke@gmail.com>
Date:   Sun Jul 1 21:44:09 2012 -0500

    Merge branch 'master' of github.com:Kieldro/cs373-wc

commit db3e6178586bc60f40bb6eccbb68abb8d852f381
Merge: ba758d7 155647a
Author: grsshwarts <grsshwarts@gmail.com>
Date:   Sun Jul 1 19:41:37 2012 -0700

    Merge pull request #61 from grsshwarts/master
    
    wrote RunExport.py #60

commit 155647a402189613bd93b7bc70d416d59eed557b
Author: Ross Shwarts <grsshwarts@gmail.com>
Date:   Sun Jul 1 21:38:20 2012 -0500

    done with RunExport.py

commit f2028f3fe7cc9900c89b634a88f369b62f28637d
Author: Jacob Wilke <jake.wilke@gmail.com>
Date:   Sun Jul 1 21:33:11 2012 -0500

    fixed splash

commit 516043cf8a547ca142c72452cb7c045b353d1798
Merge: 26cd646 ba758d7
Author: Fayz Rahman <fayz.rahman@utexas.edu>
Date:   Sun Jul 1 21:27:44 2012 -0500

    Merge branch 'master' of https://github.com/Kieldro/cs373-wc

commit ba758d7ce72f966764e113faca5b7d8dac360674
Merge: 609dab6 fc0f546
Author: Ian Buitrago <kieldro@gmail.com>
Date:   Sun Jul 1 21:27:04 2012 -0500

    added /test URL.

commit 609dab6f7afd9d3758b6f9397f43ad055920c228
Author: Ian Buitrago <kieldro@gmail.com>
Date:   Sun Jul 1 21:26:13 2012 -0500

    gaeunit framework up.

commit 26cd646fbbe9ff63df6ba700f623baaf439a7e4f
Merge: f0aaa19 fc0f546
Author: Fayz Rahman <fayz.rahman@utexas.edu>
Date:   Sun Jul 1 21:23:45 2012 -0500

    Merge branch 'master' of https://github.com/Kieldro/cs373-wc

commit f0aaa195f07a47953befb1668e03cdb0ac7c92f9
Author: Fayz Rahman <fayz.rahman@utexas.edu>
Date:   Sun Jul 1 21:22:50 2012 -0500

    Testing TestImport.py

commit fc0f5468a9379a3466a5592f16d9256a2212a5a7
Merge: f6d566c 951d867
Author: Ian <kieldro@gmail.com>
Date:   Sun Jul 1 19:21:36 2012 -0700

    Merge pull request #59 from grsshwarts/master
    
    Here is the finished RunImport.py #41

commit 951d867197933aa18690b0d855491cb4ef4e7703
Author: Ross Shwarts <grsshwarts@gmail.com>
Date:   Sun Jul 1 21:19:31 2012 -0500

    RunImport.py done #45

commit f6d566ce18be1f5f3f56b4b0a989e8b1e66da849
Merge: 9dda2f5 5837ec8
Author: robby35us <callmeelasinthe@gmail.com>
Date:   Sun Jul 1 18:21:00 2012 -0700

    Merge pull request #56 from robby35us/master
    
    I have a test file for you to try in the gaeunit suite.

commit 5837ec8d55f95fbac4f656ba76e95b32f5f81542
Merge: dd499d6 9dda2f5
Author: Robert Reed <callmeelasinthe@gmail.com>
Date:   Sun Jul 1 20:19:53 2012 -0500

    Merge branch 'master' of http://github.com/Kieldro/cs373-wc

commit dd499d6ed4644b5c5fbc6893b542fe91bfdc9743
Author: Robert Reed <callmeelasinthe@gmail.com>
Date:   Sun Jul 1 20:19:34 2012 -0500

    Updating Export.py

commit 9dda2f5843a9394c7c03cdab9a1363bfce182370
Merge: ae36692 538440a
Author: Jacob Wilke <jake.wilke@gmail.com>
Date:   Sun Jul 1 17:35:43 2012 -0700

    Merge pull request #54 from jwilke/master
    
    updated the import/export interface

commit 538440adff4499c7a0b3f434438b62e4cf75b7e8
Author: Jacob Wilke <jake.wilke@gmail.com>
Date:   Sun Jul 1 19:34:10 2012 -0500

    updated the wc.py script, changed design of the import/export html page. #29

commit ae366927982b8fc0c0287b9972637fb71416039b
Merge: 8b57c6c 31e3c6c
Author: fnrahman <fayz.rahman@utexas.edu>
Date:   Sun Jul 1 17:26:54 2012 -0700

    Merge pull request #53 from fnrahman/master
    
    Import.py and TestImport.py

commit 31e3c6c96063ae1f23856835ab9a59dd54dcddf6
Author: Fayz Rahman <fayz.rahman@utexas.edu>
Date:   Sun Jul 1 19:25:08 2012 -0500

    Import tests added

commit b912d6796ae0f38b3f8aa7502913d8612109fa41
Author: Fayz Rahman <fayz.rahman@utexas.edu>
Date:   Sun Jul 1 18:15:37 2012 -0500

    First run of import

commit 9511a475285b106e8a9fb6e322cfe7757b9000dd
Merge: 50fa349 8b57c6c
Author: Fayz Rahman <fayz.rahman@utexas.edu>
Date:   Sun Jul 1 18:13:23 2012 -0500

    Merge branch 'master' of https://github.com/Kieldro/cs373-wc
    
    Conflicts:
    	Import.py

commit 50fa3493c3e4b2c8f2f0a72a0ca458e199723065
Author: Fayz Rahman <fayz.rahman@utexas.edu>
Date:   Sun Jul 1 17:26:57 2012 -0500

    Finished first version of Import.py

commit 8b57c6c748c9143c41ca5fdceb8817e4ecb7d37a
Merge: 678f75c c16df02
Author: robby35us <callmeelasinthe@gmail.com>
Date:   Fri Jun 29 21:48:30 2012 -0700

    Merge pull request #52 from robby35us/master
    
    Renamed and added files

commit c16df026c4a2b30ed04b2c37215f955e020fcf9d
Author: Robert Reed <callmeelasinthe@gmail.com>
Date:   Fri Jun 29 23:00:19 2012 -0500

    Added files that need to be written by various team memembers

commit d5fe29e43e265cd394dc7b300a1e1536a967efcc
Author: Robert Reed <callmeelasinthe@gmail.com>
Date:   Fri Jun 29 22:54:53 2012 -0500

    changed names of website files/directory

commit aadc09b7da02efdf054eb4946d0c9107e52f9ef9
Author: Robert Reed <callmeelasinthe@gmail.com>
Date:   Fri Jun 29 22:31:05 2012 -0500

    updated files to match project requirements and deleted unnecisary files from the repo

commit 40eb6aa570823a337c2baa5163615c71c5f9693d
Merge: e869eb0 678f75c
Author: Robert Reed <callmeelasinthe@gmail.com>
Date:   Fri Jun 29 22:22:33 2012 -0500

    Merge branch 'master' of http://github.com/Kieldro/cs373-wc

commit e869eb03cd99fd0558739d320ed1cb3ac001c6c5
Author: Robert Reed <callmeelasinthe@gmail.com>
Date:   Fri Jun 29 22:22:07 2012 -0500

    Updated Export.py to conform to the schema. And added comments. #42 #51

commit 678f75c0fe838e0e72bcf20ddd6904b23fb6d94b
Merge: 928e541 520fb1c
Author: robby35us <callmeelasinthe@gmail.com>
Date:   Fri Jun 29 20:20:45 2012 -0700

    Merge pull request #50 from jwilke/master
    
    all static html done.

commit 951924db5c2420f7588509a7ba0e08fa833d99ed
Author: Robert Reed <callmeelasinthe@gmail.com>
Date:   Fri Jun 29 18:56:06 2012 -0500

    Updated data models to have better form. Got it to run-ish on the gae, but not sure what it does.

commit dd740b68571433827275f2551595382144ee0a05
Author: Fayz Rahman <fayz.rahman@utexas.edu>
Date:   Fri Jun 29 17:06:08 2012 -0500

    importXML is now Import.py. Added TODO list.

commit 520fb1c637340ba4f3cc62238f04a7cb982dc408
Author: Jacob Wilke <jake.wilke@gmail.com>
Date:   Fri Jun 29 16:19:12 2012 -0500

    Finished all research and connected all links on static html files. all up-to-date versions of html are on appspot. #28 #13 #22 #23

commit 928e541085ca06929aa9597ca24aeee116b5207b
Author: grsshwarts <grsshwarts@gmail.com>
Date:   Fri Jun 29 16:02:25 2012 -0500

    Updated WC1.txt

commit 94e2229ff5f2707d0d8949403be8b129c97a2c42
Merge: 69e8384 ed2eff3
Author: Robert Reed <callmeelasinthe@gmail.com>
Date:   Fri Jun 29 00:34:00 2012 -0500

    Merge branch 'keo' of http://github.com/Kieldro/cs373-wc

commit ed2eff31bf0ec8b365daaec00f02076aa58541c9
Author: robby35us <callmeelasinthe@gmail.com>
Date:   Fri Jun 29 00:23:42 2012 -0500

    Updated dataModels.py to take full advantage of the data specification allowed by the schema.

commit a833651dc450b667ff319c8aab6f3ff2a82b9024
Merge: 1f9f6a7 4607a97
Author: robby35us <callmeelasinthe@gmail.com>
Date:   Thu Jun 28 20:56:48 2012 -0700

    Merge pull request #43 from fnrahman/master
    
    Finalized Schema and Validated XML

commit 1f9f6a79484ce4da3fb2482e1dca0cbd8e204804
Merge: 89ab76d 69e8384
Author: robby35us <callmeelasinthe@gmail.com>
Date:   Thu Jun 28 20:55:55 2012 -0700

    Merge pull request #36 from robby35us/master
    
    I wrote an export tree builder file!

commit 4607a976a7b2b9f0ff8184129a4940a8a4298bd5
Author: Fayz Rahman <fayz.rahman@utexas.edu>
Date:   Thu Jun 28 22:10:14 2012 -0500

    Mostly finalized schema and xml

commit 2f9c3e60584faf8a546c0852f3d382a569528507
Author: Fayz Rahman <fayz.rahman@utexas.edu>
Date:   Thu Jun 28 21:30:17 2012 -0500

    Added Date to schema.

commit ce5d5f404af0a65594ef2e66e7856093fe0c91c0
Merge: 35b597c 89ab76d
Author: Fayz Rahman <fayz.rahman@utexas.edu>
Date:   Thu Jun 28 20:58:38 2012 -0500

    Merge branch 'master' of https://github.com/Kieldro/cs373-wc
    Updated files from main repo.

commit b7e4b2c6556fa73dc6f944ffde88d784897df768
Author: Ian Buitrago <kieldro@gmail.com>
Date:   Thu Jun 28 20:35:42 2012 -0500

    revisions to dataModels.

commit 35b597ca70f4b4d78a1ba6e298b14c887b8861d4
Author: Fayz Rahman <fayz.rahman@utexas.edu>
Date:   Thu Jun 28 19:00:18 2012 -0500

    Initial work on importing XML files.

commit 89ab76d6c3cf4a25d0b121839b84584ceaba181e
Merge: 830b776 2ac05c7
Author: Ian <kieldro@gmail.com>
Date:   Thu Jun 28 07:17:44 2012 -0700

    Merge pull request #33 from jwilke/master
    
    For Ian

commit 69e838483940fbcab5fc8671f3f8e7a14e028c76
Merge: d92c39a 830b776
Author: Robert Reed <callmeelasinthe@gmail.com>
Date:   Thu Jun 28 01:08:01 2012 -0500

    Merge branch 'master' of http://github.com/Kieldro/cs373-wc

commit d92c39adea759de5beba20693f396016932fd5ac
Author: Robert Reed <callmeelasinthe@gmail.com>
Date:   Thu Jun 28 01:06:31 2012 -0500

    Made a pass at writing an export file. Needs RunExport.py and tests to be written. #34

commit 2ac05c7a5da4cfbb9117dddaee922d53d664eaa1
Author: Jacob Wilke <jake.wilke@gmail.com>
Date:   Wed Jun 27 22:27:43 2012 -0500

    added python file, warning: needs renaming before submission.

commit 0c381f83b6a11321541b6002393e1dbdf8de4ddd
Author: Jacob Wilke <jake.wilke@gmail.com>
Date:   Wed Jun 27 22:21:56 2012 -0500

    added the .yaml to the repo

commit 1ad8f9b7811af68d67609eae1ea84be747a9e038
Author: Ian Buitrago <kieldro@gmail.com>
Date:   Wed Jun 27 19:55:53 2012 -0500

    learning db.Models API.

commit 830b776d2cbd8a0c384f89025c94127d79f98065
Author: Ian <kieldro@gmail.com>
Date:   Wed Jun 27 19:38:46 2012 -0500

    Fixed 2 errors. I foolishly merged this pull request without testing it first. Make sure all pull requests are error free.

commit 0e1ed7dd1af4451bb2e6349a2618aacc73f63de4
Merge: 9a54f9b 1526308
Author: Ian Buitrago <kieldro@gmail.com>
Date:   Wed Jun 27 19:29:37 2012 -0500

    Merge branch 'master' of github.com:Kieldro/cs373-wc into keo

commit 1526308dfc3ba511b34c82541cc6d2c4c2ae1ac4
Merge: 02d95fe d1e250b
Author: Ian <kieldro@gmail.com>
Date:   Wed Jun 27 17:29:05 2012 -0700

    Merge pull request #32 from robby35us/master
    
    I have the updated WC1.xml

commit d1e250b7d3fedc25a9ab9a8d3b19ca56f6e26172
Merge: c2d22f5 02d95fe
Author: Robert Reed <callmeelasinthe@gmail.com>
Date:   Wed Jun 27 18:57:46 2012 -0500

    Merge branch 'master' of http://github.com/Kieldro/cs373-wc

commit 9a54f9b9d9c43b32a3a2d879db1bdd68752a8892
Author: Ian Buitrago <kieldro@gmail.com>
Date:   Wed Jun 27 15:19:46 2012 -0500

    added a sample GQL query.

commit a2e2e935476b5d338f9eb08fbc86f99c3b86ebf7
Author: Ian Buitrago <kieldro@gmail.com>
Date:   Wed Jun 27 14:55:37 2012 -0500

    Adding template datamodels file.

commit 706473a32f23a2f87fcbd9548aa890873cd21c69
Merge: 2b4eddf 02d95fe
Author: Jacob Wilke <jake.wilke@gmail.com>
Date:   Wed Jun 27 12:45:05 2012 -0500

    Merge branch 'master' of github.com:Kieldro/cs373-wc

commit 02d95fec161ed373150bf96e2fdf6b416e43bb14
Author: Ian Buitrago <kieldro@gmail.com>
Date:   Wed Jun 27 12:40:11 2012 -0500

    README conforms to the posted readme format.

commit c2d22f562a21d8998a51c101d2cae7a96afc5c37
Author: Fayz Rahman <fayz.rahman@utexas.edu>
Date:   Wed Jun 27 00:18:40 2012 -0500

    All data entered. Issue #18 done...for now.

commit 59fddcc43b4223b1766df32d8e5c60863b15cf8f
Author: Ian <kieldro@gmail.com>
Date:   Tue Jun 26 21:30:08 2012 -0500

    added GAE URL

commit 2b4eddfd6acefa9743361f5388c2a4e7d28fbc07
Author: Jacob Wilke <jake.wilke@gmail.com>
Date:   Tue Jun 26 20:52:06 2012 -0500

    all html files created and hosted on appspot #6 #7 #8 #22

commit 9d92803c5f80fdc2410f86706533bef52ab2c393
Merge: 7c65241 d00ecd0
Author: robby35us <callmeelasinthe@gmail.com>
Date:   Tue Jun 26 15:36:35 2012 -0700

    Merge pull request #21 from robby35us/master
    
    I made many changes!!!!

commit d00ecd05aad7d2f176a6125b694938cb8555dbb5
Author: robert Reed <callmeelasinthe@gmail.com>
Date:   Tue Jun 26 17:25:19 2012 -0500

    Wrote initial schema #3, validated initial instance #19, edited group file structure #20.

commit 455dba24a123a58d5fe0f709610172b3bd81cfaa
Merge: 4547ba2 7c65241
Author: robert Reed <callmeelasinthe@gmail.com>
Date:   Tue Jun 26 16:46:42 2012 -0500

    Merge branch 'master' of http://github.com/Kieldro/cs373-wc

commit 525868a337235126ee3170a1bbb17a4015dda2bc
Author: Fayz Rahman <fayz.rahman@utexas.edu>
Date:   Tue Jun 26 13:14:51 2012 -0500

    In the process of creating the XML instance.

commit 8a9133733f8329036ddb7c30c1f898f974cff7d1
Author: Fayz Rahman <fayz.rahman@utexas.edu>
Date:   Tue Jun 26 12:38:37 2012 -0500

    Created xml schema. First version!

commit 7c6524143216880af10ff8d57ecbddfccc324be0
Merge: 9137183 d14364c
Author: Ian <kieldro@gmail.com>
Date:   Mon Jun 25 14:43:14 2012 -0700

    Merge pull request #16 from jwilke/master
    
    Finished people xml and html files #8

commit d14364c3d6240ec0d6b315e4b32d1aa464080f9f
Author: Fayz Rahman <fayz.rahman@utexas.edu>
Date:   Mon Jun 25 14:05:43 2012 -0500

    Revised People HTML pages with locaiton. #8

commit 4547ba2d19793e033b95e341c199d75a82e7231c
Author: Robert Reed <callmeelasinthe@gmail.com>
Date:   Mon Jun 25 12:56:19 2012 -0500

    Added 1 html file.

commit 70c79f9e526f72b8acf99f2496d51ea3af71f618
Merge: df7bf02 9137183
Author: Robert Reed <callmeelasinthe@gmail.com>
Date:   Mon Jun 25 12:52:50 2012 -0500

    Merge branch 'master' of http://github.com/Kieldro/cs373-wc

commit df7bf02ecf0ae47278651e522cb0074ccb8fff75
Author: Robert Reed <callmeelasinthe@gmail.com>
Date:   Mon Jun 25 12:51:37 2012 -0500

    Created WorldHunger.html

commit 913718362a561a0f647f67f3fd0ffc24efe165d8
Author: Ian Buitrago <kieldro@gmail.com>
Date:   Mon Jun 25 09:38:40 2012 -0500

    Fukushima.html and hello.xml added.

commit cd730eddfd26696050b32dbae061257937af936f
Author: Robert Reed <callmeelasinthe@gmail.com>
Date:   Mon Jun 25 09:18:58 2012 -0500

    Updated organization template, renamed WHO.html. #7  Set up template for crises in WorldHunger.html #6

commit d20314ce2c92bc85f2ede29373396f4be695b6e1
Author: Jacob Wilke <jake.wilke@gmail.com>
Date:   Sun Jun 24 18:25:38 2012 -0500

    fixed readme

commit ffc13079a2183a5f1f8d5e54064a1adf833a840f
Author: Jacob Wilke <jake.wilke@gmail.com>
Date:   Sun Jun 24 18:22:16 2012 -0500

    finished first version of 4 static people html pages. #8

commit bb92e0aa25cfddb6bb231479a2318f99ca143951
Author: Fayz Rahman <fayz.rahman@utexas.edu>
Date:   Sun Jun 24 18:18:08 2012 -0500

    Added HTML file for Yukio Edano.

commit 77205803913cb06fbb4a046794a80b682cc35b44
Author: Fayz Rahman <fayz.rahman@utexas.edu>
Date:   Sun Jun 24 18:08:34 2012 -0500

    HTML file for Margaret Chan.

commit 82095307bfabf776e5184c865ee09fc739af55c2
Author: Jacob Wilke <jake.wilke@gmail.com>
Date:   Sun Jun 24 17:45:34 2012 -0500

    finished people.xml #8

commit cfe32fc5323b257af27dea0b9b36ce02fc600dc4
Merge: 1674c12 300767a
Author: grsshwarts <grsshwarts@gmail.com>
Date:   Sun Jun 24 14:03:19 2012 -0700

    Merge pull request #14 from grsshwarts/master
    
    formatted research.txt

commit 300767a3b4d821e6d27e3816f619a88365e5f5a1
Author: Ross Shwarts <grsshwarts@gmail.com>
Date:   Sun Jun 24 16:02:33 2012 -0500

    formatted research.txt

commit 1674c12af87c29c2d46c9dc0550b544f15ec283b
Merge: c60fb26 46e2b17
Author: grsshwarts <grsshwarts@gmail.com>
Date:   Sun Jun 24 13:10:25 2012 -0700

    Merge pull request #13 from grsshwarts/master
    
    all research done

commit 46e2b170975586c10a40e2df144d0ba8a3eb4349
Author: Ross Shwarts <grsshwarts@gmail.com>
Date:   Sun Jun 24 14:43:43 2012 -0500

    all 4 research

commit 28bd63397ab9d1e5a00da393e6bfe9d09d4d8b78
Author: Ross Shwarts <grsshwarts@gmail.com>
Date:   Sun Jun 24 14:30:42 2012 -0500

    first 3 research sets, waiting on the last one

commit c60fb2627cf40e4b7123f0af685994f9fd22da49
Author: Ian Buitrago <kieldro@gmail.com>
Date:   Sat Jun 23 15:56:50 2012 -0500

    fixed README typos.

commit 70facbcdcf57cde8dda25cdd1eed8738caca7ee3
Merge: 48e3235 31a2ba3
Author: Ian <kieldro@gmail.com>
Date:   Sat Jun 23 13:36:32 2012 -0700

    Merge pull request #9 from robby35us/master
    
    README.txt updated to include moregroup info

commit 31a2ba39011c982cb03d7a6f3f7499db570e821b
Author: Robert Reed <callmeelasinthe@gmail.com>
Date:   Sat Jun 23 13:42:09 2012 -0500

    Sample push, testing fork model

commit 48e3235372818ec987a4a14f2f25df58734b66ee
Author: Ian Buitrago <kieldro@gmail.com>
Date:   Wed Jun 20 10:06:25 2012 -0500

    First commit.
